<?xml version="1.0" encoding="UTF-8"?>
<!-- Generated by org.testng.reporters.JUnitReportReporter -->
<testsuite hostname="LAPTOP-5QM9PSGA" failures="0" tests="1" name="Test3.DemoTest" time="9.476" errors="0" timestamp="2025-05-08T12:24:31 IST" skipped="0">
  <testcase classname="Test3.DemoTest" name="m1" time="9.476"/>
</testsuite> <!-- Test3.DemoTest -->
